build/intermediates/manifest_merge_blame_file/debug/manifest-merger-blame-debug-report.txt
1<?xml version="1.0" encoding="utf-8"?>
2<manifest xmlns:android="http://schemas.android.com/apk/res/android"
3    package="com.heathendean.catfarts"
4    android:versionCode="1"
5    android:versionName="1.0" >
6
7    <uses-sdk
8        android:minSdkVersion="23"
8-->AndroidProjects\CatFarts\AndroidManifest.xml
9        android:targetSdkVersion="30" />
9-->AndroidProjects\CatFarts\AndroidManifest.xml
10
11    <uses-permission android:name="android.permission.INTERNET" />
11-->AndroidProjects\CatFarts\AndroidManifest.xml:6:5-66
11-->AndroidProjects\CatFarts\AndroidManifest.xml:6:22-64
12
13    <application
13-->AndroidProjects\CatFarts\AndroidManifest.xml:7:5-111:19
14        android:name="com.heathendean.catfarts.CatFarts"
14-->AndroidProjects\CatFarts\AndroidManifest.xml:8:9-57
15        android:allowBackup="true"
15-->AndroidProjects\CatFarts\AndroidManifest.xml:9:9-35
16        android:appComponentFactory="androidx.core.app.CoreComponentFactory"
16-->[androidx.core:core:1.5.0] AndroidManifest.xml:24:18-86
17        android:debuggable="true"
18        android:extractNativeLibs="false"
19        android:icon="@drawable/app_icon"
19-->AndroidProjects\CatFarts\AndroidManifest.xml:10:9-42
20        android:testOnly="true"
21        android:theme="@style/Theme.AppCompat.NoActionBar" >
21-->AndroidProjects\CatFarts\AndroidManifest.xml:11:9-59
22        <activity
22-->AndroidProjects\CatFarts\AndroidManifest.xml:13:9-21:20
23            android:name="com.heathendean.catfarts.MainActivity"
23-->AndroidProjects\CatFarts\AndroidManifest.xml:14:13-65
24            android:label="@string/app_name" >
24-->AndroidProjects\CatFarts\AndroidManifest.xml:15:13-45
25
26            <!-- android:label="@string/title_activity_main" > -->
27            <intent-filter>
27-->AndroidProjects\CatFarts\AndroidManifest.xml:17:13-20:29
28                <action android:name="android.intent.action.MAIN" />
28-->AndroidProjects\CatFarts\AndroidManifest.xml:18:17-69
28-->AndroidProjects\CatFarts\AndroidManifest.xml:18:25-66
29
30                <category android:name="android.intent.category.LAUNCHER" />
30-->AndroidProjects\CatFarts\AndroidManifest.xml:19:17-77
30-->AndroidProjects\CatFarts\AndroidManifest.xml:19:27-74
31            </intent-filter>
32        </activity>
33        <activity
33-->AndroidProjects\CatFarts\AndroidManifest.xml:22:9-29:20
34            android:name="com.heathendean.catfarts.play.Play"
34-->AndroidProjects\CatFarts\AndroidManifest.xml:23:13-62
35            android:label="@string/title_activity_start_game"
35-->AndroidProjects\CatFarts\AndroidManifest.xml:24:13-62
36            android:parentActivityName="com.heathendean.catfarts.MainActivity" >
36-->AndroidProjects\CatFarts\AndroidManifest.xml:25:13-79
37            <meta-data
37-->AndroidProjects\CatFarts\AndroidManifest.xml:26:13-28:73
38                android:name="android.support.PARENT_ACTIVITY"
38-->AndroidProjects\CatFarts\AndroidManifest.xml:27:17-63
39                android:value="com.heathendean.catfarts.MainActivity" />
39-->AndroidProjects\CatFarts\AndroidManifest.xml:28:17-70
40        </activity>
41        <activity
41-->AndroidProjects\CatFarts\AndroidManifest.xml:30:9-37:20
42            android:name="com.heathendean.catfarts.settings.Settings"
42-->AndroidProjects\CatFarts\AndroidManifest.xml:31:13-70
43            android:label="@string/title_activity_settings"
43-->AndroidProjects\CatFarts\AndroidManifest.xml:32:13-60
44            android:parentActivityName="com.heathendean.catfarts.MainActivity" >
44-->AndroidProjects\CatFarts\AndroidManifest.xml:33:13-79
45            <meta-data
45-->AndroidProjects\CatFarts\AndroidManifest.xml:26:13-28:73
46                android:name="android.support.PARENT_ACTIVITY"
46-->AndroidProjects\CatFarts\AndroidManifest.xml:27:17-63
47                android:value="com.heathendean.catfarts.MainActivity" />
47-->AndroidProjects\CatFarts\AndroidManifest.xml:28:17-70
48        </activity>
49        <!-- Settings Activities -->
50        <activity
50-->AndroidProjects\CatFarts\AndroidManifest.xml:39:9-46:20
51            android:name="com.heathendean.catfarts.settings.instructions.Instructions"
51-->AndroidProjects\CatFarts\AndroidManifest.xml:40:13-87
52            android:label="@string/title_activity_instructions"
52-->AndroidProjects\CatFarts\AndroidManifest.xml:41:13-64
53            android:parentActivityName="com.heathendean.catfarts.settings.Settings" >
53-->AndroidProjects\CatFarts\AndroidManifest.xml:42:13-84
54            <meta-data
54-->AndroidProjects\CatFarts\AndroidManifest.xml:26:13-28:73
55                android:name="android.support.PARENT_ACTIVITY"
55-->AndroidProjects\CatFarts\AndroidManifest.xml:27:17-63
56                android:value="com.heathendean.catfarts.MainActivity" />
56-->AndroidProjects\CatFarts\AndroidManifest.xml:28:17-70
57        </activity>
58        <activity
58-->AndroidProjects\CatFarts\AndroidManifest.xml:47:9-54:20
59            android:name="com.heathendean.catfarts.settings.sound.Sound"
59-->AndroidProjects\CatFarts\AndroidManifest.xml:48:13-73
60            android:label="@string/title_activity_sound"
60-->AndroidProjects\CatFarts\AndroidManifest.xml:49:13-57
61            android:parentActivityName="com.heathendean.catfarts.settings.Settings" >
61-->AndroidProjects\CatFarts\AndroidManifest.xml:50:13-84
62            <meta-data
62-->AndroidProjects\CatFarts\AndroidManifest.xml:26:13-28:73
63                android:name="android.support.PARENT_ACTIVITY"
63-->AndroidProjects\CatFarts\AndroidManifest.xml:27:17-63
64                android:value="com.heathendean.catfarts.MainActivity" />
64-->AndroidProjects\CatFarts\AndroidManifest.xml:28:17-70
65        </activity>
66        <activity
66-->AndroidProjects\CatFarts\AndroidManifest.xml:55:9-62:20
67            android:name="com.heathendean.catfarts.settings.pictures.Pictures"
67-->AndroidProjects\CatFarts\AndroidManifest.xml:56:13-79
68            android:label="@string/title_activity_pictures"
68-->AndroidProjects\CatFarts\AndroidManifest.xml:57:13-60
69            android:parentActivityName="com.heathendean.catfarts.settings.Settings" >
69-->AndroidProjects\CatFarts\AndroidManifest.xml:58:13-84
70            <meta-data
70-->AndroidProjects\CatFarts\AndroidManifest.xml:26:13-28:73
71                android:name="android.support.PARENT_ACTIVITY"
71-->AndroidProjects\CatFarts\AndroidManifest.xml:27:17-63
72                android:value="com.heathendean.catfarts.MainActivity" />
72-->AndroidProjects\CatFarts\AndroidManifest.xml:28:17-70
73        </activity>
74        <activity
74-->AndroidProjects\CatFarts\AndroidManifest.xml:63:9-70:20
75            android:name="com.heathendean.catfarts.settings.gameplay.Gameplay"
75-->AndroidProjects\CatFarts\AndroidManifest.xml:64:13-79
76            android:label="@string/title_activity_gameplay"
76-->AndroidProjects\CatFarts\AndroidManifest.xml:65:13-60
77            android:parentActivityName="com.heathendean.catfarts.settings.Settings" >
77-->AndroidProjects\CatFarts\AndroidManifest.xml:66:13-84
78            <meta-data
78-->AndroidProjects\CatFarts\AndroidManifest.xml:26:13-28:73
79                android:name="android.support.PARENT_ACTIVITY"
79-->AndroidProjects\CatFarts\AndroidManifest.xml:27:17-63
80                android:value="com.heathendean.catfarts.MainActivity" />
80-->AndroidProjects\CatFarts\AndroidManifest.xml:28:17-70
81        </activity>
82        <activity
82-->AndroidProjects\CatFarts\AndroidManifest.xml:71:9-78:20
83            android:name="com.heathendean.catfarts.settings.options.Options"
83-->AndroidProjects\CatFarts\AndroidManifest.xml:72:13-77
84            android:label="@string/title_activity_options"
84-->AndroidProjects\CatFarts\AndroidManifest.xml:73:13-59
85            android:parentActivityName="com.heathendean.catfarts.settings.Settings" >
85-->AndroidProjects\CatFarts\AndroidManifest.xml:74:13-84
86            <meta-data
86-->AndroidProjects\CatFarts\AndroidManifest.xml:26:13-28:73
87                android:name="android.support.PARENT_ACTIVITY"
87-->AndroidProjects\CatFarts\AndroidManifest.xml:27:17-63
88                android:value="com.heathendean.catfarts.MainActivity" />
88-->AndroidProjects\CatFarts\AndroidManifest.xml:28:17-70
89        </activity>
90        <activity
90-->AndroidProjects\CatFarts\AndroidManifest.xml:79:9-86:20
91            android:name="com.heathendean.catfarts.settings.networking.Networking"
91-->AndroidProjects\CatFarts\AndroidManifest.xml:80:13-83
92            android:label="@string/title_activity_networking"
92-->AndroidProjects\CatFarts\AndroidManifest.xml:81:13-62
93            android:parentActivityName="com.heathendean.catfarts.settings.Settings" >
93-->AndroidProjects\CatFarts\AndroidManifest.xml:82:13-84
94            <meta-data
94-->AndroidProjects\CatFarts\AndroidManifest.xml:26:13-28:73
95                android:name="android.support.PARENT_ACTIVITY"
95-->AndroidProjects\CatFarts\AndroidManifest.xml:27:17-63
96                android:value="com.heathendean.catfarts.MainActivity" />
96-->AndroidProjects\CatFarts\AndroidManifest.xml:28:17-70
97        </activity>
98        <activity
98-->AndroidProjects\CatFarts\AndroidManifest.xml:87:9-94:20
99            android:name="com.heathendean.catfarts.settings.cheats.Cheats"
99-->AndroidProjects\CatFarts\AndroidManifest.xml:88:13-75
100            android:label="@string/title_activity_cheats"
100-->AndroidProjects\CatFarts\AndroidManifest.xml:89:13-58
101            android:parentActivityName="com.heathendean.catfarts.settings.Settings" >
101-->AndroidProjects\CatFarts\AndroidManifest.xml:90:13-84
102            <meta-data
102-->AndroidProjects\CatFarts\AndroidManifest.xml:26:13-28:73
103                android:name="android.support.PARENT_ACTIVITY"
103-->AndroidProjects\CatFarts\AndroidManifest.xml:27:17-63
104                android:value="com.heathendean.catfarts.MainActivity" />
104-->AndroidProjects\CatFarts\AndroidManifest.xml:28:17-70
105        </activity>
106        <activity
106-->AndroidProjects\CatFarts\AndroidManifest.xml:95:9-102:20
107            android:name="com.heathendean.catfarts.settings.contact.Contact"
107-->AndroidProjects\CatFarts\AndroidManifest.xml:96:13-77
108            android:label="@string/title_activity_contact"
108-->AndroidProjects\CatFarts\AndroidManifest.xml:97:13-59
109            android:parentActivityName="com.heathendean.catfarts.settings.Settings" >
109-->AndroidProjects\CatFarts\AndroidManifest.xml:98:13-84
110            <meta-data
110-->AndroidProjects\CatFarts\AndroidManifest.xml:26:13-28:73
111                android:name="android.support.PARENT_ACTIVITY"
111-->AndroidProjects\CatFarts\AndroidManifest.xml:27:17-63
112                android:value="com.heathendean.catfarts.MainActivity" />
112-->AndroidProjects\CatFarts\AndroidManifest.xml:28:17-70
113        </activity>
114        <activity
114-->AndroidProjects\CatFarts\AndroidManifest.xml:103:9-110:20
115            android:name="com.heathendean.catfarts.settings.lore.Lore"
115-->AndroidProjects\CatFarts\AndroidManifest.xml:104:13-71
116            android:label="@string/title_activity_lore"
116-->AndroidProjects\CatFarts\AndroidManifest.xml:105:13-56
117            android:parentActivityName="com.heathendean.catfarts.settings.Settings" >
117-->AndroidProjects\CatFarts\AndroidManifest.xml:106:13-84
118            <meta-data
118-->AndroidProjects\CatFarts\AndroidManifest.xml:26:13-28:73
119                android:name="android.support.PARENT_ACTIVITY"
119-->AndroidProjects\CatFarts\AndroidManifest.xml:27:17-63
120                android:value="com.heathendean.catfarts.MainActivity" />
120-->AndroidProjects\CatFarts\AndroidManifest.xml:28:17-70
121        </activity>
122        <activity
122-->[cat.ereza:customactivityoncrash:2.3.0] AndroidManifest.xml:12:9-14:49
123            android:name="cat.ereza.customactivityoncrash.activity.DefaultErrorActivity"
123-->[cat.ereza:customactivityoncrash:2.3.0] AndroidManifest.xml:13:13-89
124            android:process=":error_activity" />
124-->[cat.ereza:customactivityoncrash:2.3.0] AndroidManifest.xml:14:13-46
125
126        <provider
126-->[cat.ereza:customactivityoncrash:2.3.0] AndroidManifest.xml:16:9-20:39
127            android:name="cat.ereza.customactivityoncrash.provider.CaocInitProvider"
127-->[cat.ereza:customactivityoncrash:2.3.0] AndroidManifest.xml:17:13-85
128            android:authorities="com.heathendean.catfarts.customactivityoncrashinitprovider"
128-->[cat.ereza:customactivityoncrash:2.3.0] AndroidManifest.xml:18:13-85
129            android:exported="false"
129-->[cat.ereza:customactivityoncrash:2.3.0] AndroidManifest.xml:19:13-37
130            android:initOrder="101" />
130-->[cat.ereza:customactivityoncrash:2.3.0] AndroidManifest.xml:20:13-36
131    </application>
132
133</manifest>